<?xml version="1.0" encoding="utf-8" standalone="no"?>
<!--This file represents the results of running a test suite-->
<test-results name="C:\Users\pirsu001\Documents\Visual Studio 2015\Projects\SimplePayRollAssignment\TestCase\bin\Debug\TestCase.dll" total="9" errors="0" failures="0" not-run="0" inconclusive="0" ignored="0" skipped="0" invalid="0" date="2016-03-16" time="14:19:38">
  <environment nunit-version="2.6.4.14350" clr-version="2.0.50727.5485" os-version="Microsoft Windows NT 6.1.7601 Service Pack 1" platform="Win32NT" cwd="C:\Program Files (x86)\NUnit 2.6.4\bin" machine-name="FRA36355" user="pirsu001" user-domain="STAPLESAMS" />
  <culture-info current-culture="en-US" current-uiculture="en-US" />
  <test-suite type="Assembly" name="C:\Users\pirsu001\Documents\Visual Studio 2015\Projects\SimplePayRollAssignment\TestCase\bin\Debug\TestCase.dll" executed="True" result="Success" success="True" time="0.113" asserts="0">
    <results>
      <test-suite type="Namespace" name="TestCase" executed="True" result="Success" success="True" time="0.104" asserts="0">
        <results>
          <test-suite type="TestFixture" name="UnitTest1" executed="True" result="Success" success="True" time="0.103" asserts="0">
            <results>
              <test-case name="TestCase.UnitTest1.When_CalculateSalary_SalariedEmployee_ResultShouldBeEqualToWeeklyWage" executed="True" result="Success" success="True" time="0.056" asserts="1" />
              <test-case name="TestCase.UnitTest1.When_UserEnteredSSN_IsNotValid_CommissionSales" executed="True" result="Success" success="True" time="0.003" asserts="1" />
              <test-case name="TestCase.UnitTest1.When_UserEnteredSSN_IsNotValid_HourlyEmployee" executed="True" result="Success" success="True" time="0.001" asserts="1" />
              <test-case name="TestCase.UnitTest1.When_UserEnteredSSN_IsNotValid_SalariedEmployee" executed="True" result="Success" success="True" time="0.001" asserts="1" />
              <test-case name="TestCase.UnitTest1.When_UserEnteredSSN_IsNotValid_SalaryBasedCommission" executed="True" result="Success" success="True" time="0.000" asserts="1" />
              <test-case name="TestCase.UnitTest1.When_UserNameIsEmpty_BaseSaleCommsionEmployee" executed="True" result="Success" success="True" time="0.001" asserts="1" />
              <test-case name="TestCase.UnitTest1.When_UserNameIsEmpty_HourlyEmployee" executed="True" result="Success" success="True" time="0.001" asserts="1" />
              <test-case name="TestCase.UnitTest1.When_UserNameIsEmpty_SalariedEmployee" executed="True" result="Success" success="True" time="0.000" asserts="1" />
              <test-case name="TestCase.UnitTest1.When_UserNameIsEmpty_SaleCommssionEmployee" executed="True" result="Success" success="True" time="0.000" asserts="1" />
            </results>
          </test-suite>
        </results>
      </test-suite>
    </results>
  </test-suite>
</test-results>